
++++++++++++++++++++++++++++++
query sql:
insert into account(account,nick_name) values('wll','啦啦啦')
++++++++++++++++++++++++++++++
mysql error:
Duplicate entry 'wll' for key 'account'
++++++++++++++++++++++++++++++

++++++++++++++++++++++++++++++
query sql:
insert into account(account,nick_name) values('wll','啦啦啦')
++++++++++++++++++++++++++++++
mysql error:
Duplicate entry 'wll' for key 'account'
++++++++++++++++++++++++++++++

++++++++++++++++++++++++++++++
query sql:
insert into account(account,nick_name) values('wll','啦啦啦')
++++++++++++++++++++++++++++++
mysql error:
Duplicate entry 'wll' for key 'account'
++++++++++++++++++++++++++++++

++++++++++++++++++++++++++++++
query sql:
insert into account(account,nick_name) values('wll','啦啦啦')
++++++++++++++++++++++++++++++
mysql error:
Duplicate entry 'wll' for key 'account'
++++++++++++++++++++++++++++++
