array (
  'controller' => 'Main',
  'command' => 'login',
)
array (
)
array (
  'controller' => 'Main',
  'command' => 'login',
)
array (
)
array (
  'controller' => 'Main',
  'command' => 'login',
)
array (
)
array (
)
array (
)
array (
)
array (
)
array (
  'controller' => 'Main',
  'command' => 'login',
)
array (
)
array (
  'controller' => 'Main',
  'command' => 'sing_in',
)
array (
)
array (
  'controller' => 'Main',
  'command' => 'sing_in',
)
array (
)
array (
  'controller' => 'Main',
  'command' => 'sing_in',
)
array (
)
array (
  'controller' => 'Main',
  'command' => 'sing_in',
)
array (
)
array (
  'controller' => 'Main',
  'command' => 'login',
)
array (
)
array (
  'controller' => 'Main',
  'command' => 'login',
)
array (
)
array (
  'controller' => 'Main',
  'command' => 'sign_in',
)
array (
)
array (
  'controller' => 'Main',
  'command' => 'sign_in',
)
array (
)
array (
  'controller' => 'Main',
  'command' => 'sign_in',
)
array (
)
array (
  'controller' => 'Main',
  'command' => 'sign_in',
)
array (
)
array (
  'controller' => 'Main',
  'command' => 'login',
)
array (
)
array (
  'controller' => 'Main',
  'command' => 'login',
)
array (
)
array (
  'controller' => 'Main',
  'command' => 'login',
)
array (
)
array (
  'controller' => 'Main',
  'command' => 'login',
)
array (
)
array (
  'controller' => 'Main',
  'command' => 'sign_in',
  'act' => 'login',
  'nologin' => '1',
)
array (
  'act' => 'login',
  'nologin' => '1',
)
array (
  'controller' => 'Main',
  'command' => 'login',
)
array (
)
array (
  'controller' => 'Main',
  'command' => 'login',
)
array (
)
array (
  'controller' => 'Main',
  'command' => 'sign_in',
)
array (
)
array (
  'controller' => 'Main',
  'command' => 'sign_in',
)
array (
)
array (
  'controller' => 'Main',
  'command' => 'sign_in',
)
array (
)
array (
  'controller' => 'Main',
  'command' => 'login',
)
array (
)
array (
  'controller' => 'Main',
  'command' => 'login',
)
array (
)
array (
  'controller' => 'Main',
  'command' => 'sign_in',
  'act' => 'login',
  'nologin' => '1',
)
array (
  'act' => 'login',
  'nologin' => '1',
)
array (
  'controller' => 'Main',
  'command' => 'sign_in',
  'act' => 'login',
  'nologin' => '1',
)
array (
  'act' => 'login',
  'nologin' => '1',
)
array (
  'controller' => 'Main',
  'command' => 'login',
)
array (
)
array (
  'controller' => 'Main',
  'command' => 'login',
)
array (
)
array (
  'controller' => 'Main',
  'command' => 'sign_in',
  'act' => 'login',
  'nologin' => '1',
  'user_name' => '爱上大声地',
)
array (
  'act' => 'login',
  'nologin' => '1',
  'user_name' => '爱上大声地',
)
